Loaded module: studio/12u6
Creating experiment database collector.8703875.er (Process ID: 6410) ...
   937.500   1380.517 # matmult_mnk
   937.500   2164.514 # matmult_mkn
   937.500   2085.758 # matmult_kmn
   937.500    975.532 # matmult_knm
   937.500    995.445 # matmult_nkm
   937.500   1476.984 # matmult_nmk

------------------------------------------------------------
Sender: LSF System <lsfadmin@n-62-21-78>
Subject: Job 8703875: <collector> in cluster <dcc> Done

Job <collector> was submitted from host <n-62-27-22> by user <s202737> in cluster <dcc> at Fri Jan  8 11:29:27 2021
Job was executed on host(s) <n-62-21-78>, in queue <hpcintro>, as user <s202737> in cluster <dcc> at Fri Jan  8 11:30:29 2021
</zhome/1a/b/153979> was used as the home directory.
</zhome/1a/b/153979/HPC_matrix_multiplication> was used as the working directory.
Started at Fri Jan  8 11:30:29 2021
Terminated at Fri Jan  8 11:31:52 2021
Results reported at Fri Jan  8 11:31:52 2021

Your job looked like:

------------------------------------------------------------
# LSBATCH: User input
#!/bin/bash
# 02614 - High-Performance Computing, January 2018
# 
# batch script to run collect on a decidated server in the hpcintro
# queue
#
# Author: Bernd Dammann <bd@cc.dtu.dk>
#
#BSUB -J collector
#BSUB -o collector_%J.out
#BSUB -q hpcintro
#BSUB -n 1
#BSUB -R "rusage[mem=2048]"
#BSUB -W 45

module load studio

# define the driver name to use
# valid values: matmult_c.studio, matmult_f.studio, matmult_c.gcc or
# matmult_f.gcc
#
EXECUTABLE=matmult_c.gcc

# define the mkn values in the MKN variable
#
MKN="200 200 200"

# define the permutation type in PERM
#
PERM="per"

# uncomment and set a reasonable BLKSIZE for the blk version
#
# BLKSIZE=1

# define the max no. of iterations the driver should use - adjust to
# get a reasonable run time.  You can get an estimate by trying this
# on the command line, i.e. "MFLOPS_MAX_IT=10 ./matmult_...." for the
# problem size you want to analyze.
#
export MFLOPS_MAX_IT=1000
export MATMULT_COMPARE=0

# experiment name 
#
JID=${LSB_JOBID}
EXPOUT="$LSB_JOBNAME.${JID}.er"

# uncomment the HWCOUNT line, if you want to use hardware counters
# define an option string for the harwdware counters (see output of

(... more ...)
------------------------------------------------------------

Successfully completed.

Resource usage summary:

    CPU time :                                   70.35 sec.
    Max Memory :                                 27 MB
    Average Memory :                             9.00 MB
    Total Requested Memory :                     2048.00 MB
    Delta Memory :                               2021.00 MB
    Max Swap :                                   -
    Max Processes :                              4
    Max Threads :                                5
    Run time :                                   83 sec.
    Turnaround time :                            145 sec.

The output (if any) is above this job summary.

