Loaded module: studio/12u6
Creating experiment database collector.8703877.er (Process ID: 6680) ...
  5859.375   1188.328 # matmult_mnk
  5859.375   2294.768 # matmult_mkn
  5859.375   2213.334 # matmult_kmn
  5859.375    497.633 # matmult_knm
  5859.375    503.921 # matmult_nkm
  5859.375   1350.806 # matmult_nmk

------------------------------------------------------------
Sender: LSF System <lsfadmin@n-62-21-78>
Subject: Job 8703877: <collector> in cluster <dcc> Done

Job <collector> was submitted from host <n-62-27-22> by user <s202737> in cluster <dcc> at Fri Jan  8 11:29:52 2021
Job was executed on host(s) <n-62-21-78>, in queue <hpcintro>, as user <s202737> in cluster <dcc> at Fri Jan  8 11:31:53 2021
</zhome/1a/b/153979> was used as the home directory.
</zhome/1a/b/153979/HPC_matrix_multiplication> was used as the working directory.
Started at Fri Jan  8 11:31:53 2021
Terminated at Fri Jan  8 11:34:47 2021
Results reported at Fri Jan  8 11:34:47 2021

Your job looked like:

------------------------------------------------------------
# LSBATCH: User input
#!/bin/bash
# 02614 - High-Performance Computing, January 2018
# 
# batch script to run collect on a decidated server in the hpcintro
# queue
#
# Author: Bernd Dammann <bd@cc.dtu.dk>
#
#BSUB -J collector
#BSUB -o collector_%J.out
#BSUB -q hpcintro
#BSUB -n 1
#BSUB -R "rusage[mem=2048]"
#BSUB -W 45

module load studio

# define the driver name to use
# valid values: matmult_c.studio, matmult_f.studio, matmult_c.gcc or
# matmult_f.gcc
#
EXECUTABLE=matmult_c.gcc

# define the mkn values in the MKN variable
#
MKN="500 500 500"

# define the permutation type in PERM
#
PERM="per"

# uncomment and set a reasonable BLKSIZE for the blk version
#
# BLKSIZE=1

# define the max no. of iterations the driver should use - adjust to
# get a reasonable run time.  You can get an estimate by trying this
# on the command line, i.e. "MFLOPS_MAX_IT=10 ./matmult_...." for the
# problem size you want to analyze.
#
export MFLOPS_MAX_IT=100
export MATMULT_COMPARE=0

# experiment name 
#
JID=${LSB_JOBID}
EXPOUT="$LSB_JOBNAME.${JID}.er"

# uncomment the HWCOUNT line, if you want to use hardware counters
# define an option string for the harwdware counters (see output of

(... more ...)
------------------------------------------------------------

Successfully completed.

Resource usage summary:

    CPU time :                                   162.05 sec.
    Max Memory :                                 32 MB
    Average Memory :                             16.00 MB
    Total Requested Memory :                     2048.00 MB
    Delta Memory :                               2016.00 MB
    Max Swap :                                   -
    Max Processes :                              4
    Max Threads :                                5
    Run time :                                   174 sec.
    Turnaround time :                            295 sec.

The output (if any) is above this job summary.

