Loaded module: studio/12u6
Creating experiment database collector.8703459.er (Process ID: 21585) ...
*** Error in `./matmult_c.gcc': double free or corruption (out): 0x0000000001e94310 ***
======= Backtrace: =========
/lib64/libc.so.6(+0x81299)[0x7fad94919299]
./matmult_c.gcc(matrixfree+0xf)[0x401d9f]
./matmult_c.gcc(main+0x448)[0x401488]
/lib64/libc.so.6(__libc_start_main+0xf5)[0x7fad948ba555]
./matmult_c.gcc[0x40180d]
======= Memory map: ========
00400000-00404000 r-xp 00000000 00:cc 7121741655                         /zhome/49/5/153826/HPC_matrix_multiplication/matmult_c.gcc
00603000-00604000 r-xp 00003000 00:cc 7121741655                         /zhome/49/5/153826/HPC_matrix_multiplication/matmult_c.gcc
00604000-00605000 rwxp 00004000 00:cc 7121741655                         /zhome/49/5/153826/HPC_matrix_multiplication/matmult_c.gcc
01e65000-01eb4000 rwxp 00000000 00:00 0                                  [heap]
7fad88000000-7fad88021000 rwxp 00000000 00:00 0 
7fad88021000-7fad8c000000 ---p 00000000 00:00 0 
7fad8fefe000-7fad8ff8e000 rwxp 00000000 00:00 0 
7fad8ff8e000-7fad8ff9e000 rwxs 00000000 00:cc 7118945134                 /zhome/49/5/153826/HPC_matrix_multiplication/collector.8703459.er/profile
7fad8ff9e000-7fad9010e000 rwxp 00000000 00:00 0 
7fad9010e000-7fad9011e000 rwxs 00000000 00:cc 7118489034                 /zhome/49/5/153826/HPC_matrix_multiplication/collector.8703459.er/hwcounters
7fad9011e000-7fad931fe000 rwxp 00000000 00:00 0 
7fad931fe000-7fad9320e000 rwxs 00000000 00:cc 7042790399                 /zhome/49/5/153826/HPC_matrix_multiplication/collector.8703459.er/map.xml
7fad9320e000-7fad935fe000 rwxp 00000000 00:00 0 
7fad935fe000-7fad9360e000 rwxs 00000000 00:cc 7101266926                 /zhome/49/5/153826/HPC_matrix_multiplication/collector.8703459.er/log.xml
7fad9360e000-7fad939fe000 rwxp 00000000 00:00 0 
7fad939fe000-7fad93a13000 r-xp 00000000 08:05 1782388                    /usr/lib64/libgcc_s-4.8.5-20150702.so.1
7fad93a13000-7fad93c12000 ---p 00015000 08:05 1782388                    /usr/lib64/libgcc_s-4.8.5-20150702.so.1
7fad93c12000-7fad93c13000 r-xp 00014000 08:05 1782388                    /usr/lib64/libgcc_s-4.8.5-20150702.so.1
7fad93c13000-7fad93c14000 rwxp 00015000 08:05 1782388                    /usr/lib64/libgcc_s-4.8.5-20150702.so.1
7fad93c14000-7fad93c4f000 r-xp 00000000 08:05 1785794                    /usr/lib64/libquadmath.so.0.0.0
7fad93c4f000-7fad93e4e000 ---p 0003b000 08:05 1785794                    /usr/lib64/libquadmath.so.0.0.0
7fad93e4e000-7fad93e4f000 r-xp 0003a000 08:05 1785794                    /usr/lib64/libquadmath.so.0.0.0
7fad93e4f000-7fad93e50000 rwxp 0003b000 08:05 1785794                    /usr/lib64/libquadmath.so.0.0.0
7fad93e50000-7fad93f51000 r-xp 00000000 08:05 1787069                    /usr/lib64/libm-2.17.so
7fad93f51000-7fad94150000 ---p 00101000 08:05 1787069                    /usr/lib64/libm-2.17.so
7fad94150000-7fad94151000 r-xp 00100000 08:05 1787069                    /usr/lib64/libm-2.17.so
7fad94151000-7fad94152000 rwxp 00101000 08:05 1787069                    /usr/lib64/libm-2.17.so
7fad94152000-7fad94271000 r-xp 00000000 08:05 1785914                    /usr/lib64/libgfortran.so.3.0.0
7fad94271000-7fad94471000 ---p 0011f000 08:05 1785914                    /usr/lib64/libgfortran.so.3.0.0
7fad94471000-7fad94472000 r-xp 0011f000 08:05 1785914                    /usr/lib64/libgfortran.so.3.0.0
7fad94472000-7fad94474000 rwxp 00120000 08:05 1785914                    /usr/lib64/libgfortran.so.3.0.0
7fad94474000-7fad9447b000 r-xp 00000000 08:05 1787081                    /usr/lib64/librt-2.17.so
7fad9447b000-7fad9467a000 ---p 00007000 08:05 1787081                    /usr/lib64/librt-2.17.so
7fad9467a000-7fad9467b000 r-xp 00006000 08:05 1787081                    /usr/lib64/librt-2.17.so
7fad9467b000-7fad9467c000 rwxp 00007000 08:05 1787081                    /usr/lib64/librt-2.17.so
7fad9467c000-7fad94693000 r-xp 00000000 08:05 1782411                    /usr/lib64/libpthread-2.17.so
7fad94693000-7fad94892000 ---p 00017000 08:05 1782411                    /usr/lib64/libpthread-2.17.so
7fad94892000-7fad94893000 r-xp 00016000 08:05 1782411                    /usr/lib64/libpthread-2.17.so
7fad94893000-7fad94894000 rwxp 00017000 08:05 1782411                    /usr/lib64/libpthread-2.17.so
7fad94894000-7fad94898000 rwxp 00000000 00:00 0 
7fad94898000-7fad94a5c000 r-xp 00000000 08:05 1782385                    /usr/lib64/libc-2.17.so
7fad94a5c000-7fad94c5b000 ---p 001c4000 08:05 1782385                    /usr/lib64/libc-2.17.so
7fad94c5b000-7fad94c5f000 r-xp 001c3000 08:05 1782385                    /usr/lib64/libc-2.17.so
7fad94c5f000-7fad94c61000 rwxp 001c7000 08:05 1782385                    /usr/lib64/libc-2.17.so
7fad94c61000-7fad94c66000 rwxp 00000000 00:00 0 
7fad94c66000-7fad94c68000 r-xp 00000000 08:05 1786973                    /usr/lib64/libdl-2.17.so
7fad94c68000-7fad94e68000 ---p 00002000 08:05 1786973                    /usr/lib64/libdl-2.17.so
7fad94e68000-7fad94e69000 r-xp 00002000 08:05 1786973                    /usr/lib64/libdl-2.17.so
7fad94e69000-7fad94e6a000 rwxp 00003000 08:05 1786973                    /usr/lib64/libdl-2.17.so
7fad94e6a000-7fad94e6c000 r-xp 00000000 00:cc 7124487340                 /zhome/49/5/153826/HPC_matrix_multiplication/libmatmult.so
7fad94e6c000-7fad9506b000 ---p 00002000 00:cc 7124487340                 /zhome/49/5/153826/HPC_matrix_multiplication/libmatmult.so
7fad9506b000-7fad9506c000 r-xp 00001000 00:cc 7124487340                 /zhome/49/5/153826/HPC_matrix_multiplication/libmatmult.so
7fad9506c000-7fad9506d000 rwxp 00002000 00:cc 7124487340                 /zhome/49/5/153826/HPC_matrix_multiplication/libmatmult.so
7fad9506d000-7fad95a75000 r-xp 00000000 08:05 1841407                    /usr/lib64/atlas/libsatlas.so.3.10
7fad95a75000-7fad95c75000 ---p 00a08000 08:05 1841407                    /usr/lib64/atlas/libsatlas.so.3.10
7fad95c75000-7fad95c7a000 r-xp 00a08000 08:05 1841407                    /usr/lib64/atlas/libsatlas.so.3.10
7fad95c7a000-7fad95c83000 rwxp 00a0d000 08:05 1841407                    /usr/lib64/atlas/libsatlas.so.3.10
7fad95c83000-7fad95cf8000 r-xp 00000000 08:03 1876136                    /opt/oracle/developerstudio12.6/lib/analyzer/amd64/runtime/libcollector.so
7fad95cf8000-7fad95ef7000 ---p 00075000 08:03 1876136                    /opt/oracle/developerstudio12.6/lib/analyzer/amd64/runtime/libcollector.so
7fad95ef7000-7fad95fcf000 rwxp 00074000 08:03 1876136                    /opt/oracle/developerstudio12.6/lib/analyzer/amd64/runtime/libcollector.so
7fad95fcf000-7fad95fed000 rwxp 00000000 00:00 0 
7fad95fed000-7fad9600f000 r-xp 00000000 08:05 1784650                    /usr/lib64/ld-2.17.so
7fad9605c000-7fad960ec000 rwxp 00000000 00:00 0 
7fad960ec000-7fad960fc000 rwxs 00000000 00:cc 7118877186                 /zhome/49/5/153826/HPC_matrix_multiplication/collector.8703459.er/data.frameinfo
7fad960fc000-7fad961e3000 rwxp 00000000 00:00 0 
7fad961ec000-7fad961ef000 rwxp 00000000 00:00 0 
7fad961ef000-7fad961f1000 rwxs 00000000 00:0a 7618                       anon_inode:[perf_event]
7fad961f1000-7fad961f3000 rwxs 00000000 00:0a 7618                       anon_inode:[perf_event]
7fad961f3000-7fad961f5000 rwxs 00000000 00:0a 7618                       anon_inode:[perf_event]
7fad961f5000-7fad961f7000 rwxs 00000000 00:0a 7618                       anon_inode:[perf_event]
7fad961f7000-7fad9620e000 rwxp 00000000 00:00 0 
7fad9620e000-7fad9620f000 r-xp 00021000 08:05 1784650                    /usr/lib64/ld-2.17.so
7fad9620f000-7fad96210000 rwxp 00022000 08:05 1784650                    /usr/lib64/ld-2.17.so
7fad96210000-7fad96211000 rwxp 00000000 00:00 0 
7ffdb9585000-7ffdb95a7000 rwxp 00000000 00:00 0                          [stack]
7ffdb95f4000-7ffdb95f6000 r-xp 00000000 00:00 0                          [vdso]
ffffffffff600000-ffffffffff601000 r-xp 00000000 00:00 0                  [vsyscall]
   234.375    763.385 # matmult_blk 8
/zhome/49/5/153826/.lsbatch/1610099283.8703459.shell: line 60: 21585 Aborted                 collect -o $EXPOUT $HWCOUNT ./$EXECUTABLE $PERM $MKN $BS
name collector.8703459.er is in use; changed to collector.8703460.er
Creating experiment database collector.8703460.er (Process ID: 21613) ...
*** Error in `./matmult_c.gcc': double free or corruption (out): 0x000000000210a310 ***
======= Backtrace: =========
/lib64/libc.so.6(+0x81299)[0x7f0089750299]
./matmult_c.gcc(matrixfree+0xf)[0x401d9f]
./matmult_c.gcc(main+0x448)[0x401488]
/lib64/libc.so.6(__libc_start_main+0xf5)[0x7f00896f1555]
./matmult_c.gcc[0x40180d]
======= Memory map: ========
00400000-00404000 r-xp 00000000 00:cc 7121741655                         /zhome/49/5/153826/HPC_matrix_multiplication/matmult_c.gcc
00603000-00604000 r-xp 00003000 00:cc 7121741655                         /zhome/49/5/153826/HPC_matrix_multiplication/matmult_c.gcc
00604000-00605000 rwxp 00004000 00:cc 7121741655                         /zhome/49/5/153826/HPC_matrix_multiplication/matmult_c.gcc
020db000-0212a000 rwxp 00000000 00:00 0                                  [heap]
7f0080000000-7f0080021000 rwxp 00000000 00:00 0 
7f0080021000-7f0084000000 ---p 00000000 00:00 0 
7f0084d35000-7f0084e05000 rwxp 00000000 00:00 0 
7f0084e05000-7f0084e15000 rwxs 00000000 00:cc 7110974474                 /zhome/49/5/153826/HPC_matrix_multiplication/collector.8703460.er/profile
7f0084e15000-7f0084f85000 rwxp 00000000 00:00 0 
7f0084f85000-7f0084f95000 rwxs 00000000 00:cc 7042790402                 /zhome/49/5/153826/HPC_matrix_multiplication/collector.8703460.er/hwcounters
7f0084f95000-7f0088035000 rwxp 00000000 00:00 0 
7f0088035000-7f0088045000 rwxs 00000000 00:cc 7118877187                 /zhome/49/5/153826/HPC_matrix_multiplication/collector.8703460.er/map.xml
7f0088045000-7f0088435000 rwxp 00000000 00:00 0 
7f0088435000-7f0088445000 rwxs 00000000 00:cc 7078606388                 /zhome/49/5/153826/HPC_matrix_multiplication/collector.8703460.er/log.xml
7f0088445000-7f0088835000 rwxp 00000000 00:00 0 
7f0088835000-7f008884a000 r-xp 00000000 08:05 1782388                    /usr/lib64/libgcc_s-4.8.5-20150702.so.1
7f008884a000-7f0088a49000 ---p 00015000 08:05 1782388                    /usr/lib64/libgcc_s-4.8.5-20150702.so.1
7f0088a49000-7f0088a4a000 r-xp 00014000 08:05 1782388                    /usr/lib64/libgcc_s-4.8.5-20150702.so.1
7f0088a4a000-7f0088a4b000 rwxp 00015000 08:05 1782388                    /usr/lib64/libgcc_s-4.8.5-20150702.so.1
7f0088a4b000-7f0088a86000 r-xp 00000000 08:05 1785794                    /usr/lib64/libquadmath.so.0.0.0
7f0088a86000-7f0088c85000 ---p 0003b000 08:05 1785794                    /usr/lib64/libquadmath.so.0.0.0
7f0088c85000-7f0088c86000 r-xp 0003a000 08:05 1785794                    /usr/lib64/libquadmath.so.0.0.0
7f0088c86000-7f0088c87000 rwxp 0003b000 08:05 1785794                    /usr/lib64/libquadmath.so.0.0.0
7f0088c87000-7f0088d88000 r-xp 00000000 08:05 1787069                    /usr/lib64/libm-2.17.so
7f0088d88000-7f0088f87000 ---p 00101000 08:05 1787069                    /usr/lib64/libm-2.17.so
7f0088f87000-7f0088f88000 r-xp 00100000 08:05 1787069                    /usr/lib64/libm-2.17.so
7f0088f88000-7f0088f89000 rwxp 00101000 08:05 1787069                    /usr/lib64/libm-2.17.so
7f0088f89000-7f00890a8000 r-xp 00000000 08:05 1785914                    /usr/lib64/libgfortran.so.3.0.0
7f00890a8000-7f00892a8000 ---p 0011f000 08:05 1785914                    /usr/lib64/libgfortran.so.3.0.0
7f00892a8000-7f00892a9000 r-xp 0011f000 08:05 1785914                    /usr/lib64/libgfortran.so.3.0.0
7f00892a9000-7f00892ab000 rwxp 00120000 08:05 1785914                    /usr/lib64/libgfortran.so.3.0.0
7f00892ab000-7f00892b2000 r-xp 00000000 08:05 1787081                    /usr/lib64/librt-2.17.so
7f00892b2000-7f00894b1000 ---p 00007000 08:05 1787081                    /usr/lib64/librt-2.17.so
7f00894b1000-7f00894b2000 r-xp 00006000 08:05 1787081                    /usr/lib64/librt-2.17.so
7f00894b2000-7f00894b3000 rwxp 00007000 08:05 1787081                    /usr/lib64/librt-2.17.so
7f00894b3000-7f00894ca000 r-xp 00000000 08:05 1782411                    /usr/lib64/libpthread-2.17.so
7f00894ca000-7f00896c9000 ---p 00017000 08:05 1782411                    /usr/lib64/libpthread-2.17.so
7f00896c9000-7f00896ca000 r-xp 00016000 08:05 1782411                    /usr/lib64/libpthread-2.17.so
7f00896ca000-7f00896cb000 rwxp 00017000 08:05 1782411                    /usr/lib64/libpthread-2.17.so
7f00896cb000-7f00896cf000 rwxp 00000000 00:00 0 
7f00896cf000-7f0089893000 r-xp 00000000 08:05 1782385                    /usr/lib64/libc-2.17.so
7f0089893000-7f0089a92000 ---p 001c4000 08:05 1782385                    /usr/lib64/libc-2.17.so
7f0089a92000-7f0089a96000 r-xp 001c3000 08:05 1782385                    /usr/lib64/libc-2.17.so
7f0089a96000-7f0089a98000 rwxp 001c7000 08:05 1782385                    /usr/lib64/libc-2.17.so
7f0089a98000-7f0089a9d000 rwxp 00000000 00:00 0 
7f0089a9d000-7f0089a9f000 r-xp 00000000 08:05 1786973                    /usr/lib64/libdl-2.17.so
7f0089a9f000-7f0089c9f000 ---p 00002000 08:05 1786973                    /usr/lib64/libdl-2.17.so
7f0089c9f000-7f0089ca0000 r-xp 00002000 08:05 1786973                    /usr/lib64/libdl-2.17.so
7f0089ca0000-7f0089ca1000 rwxp 00003000 08:05 1786973                    /usr/lib64/libdl-2.17.so
7f0089ca1000-7f0089ca3000 r-xp 00000000 00:cc 7124487340                 /zhome/49/5/153826/HPC_matrix_multiplication/libmatmult.so
7f0089ca3000-7f0089ea2000 ---p 00002000 00:cc 7124487340                 /zhome/49/5/153826/HPC_matrix_multiplication/libmatmult.so
7f0089ea2000-7f0089ea3000 r-xp 00001000 00:cc 7124487340                 /zhome/49/5/153826/HPC_matrix_multiplication/libmatmult.so
7f0089ea3000-7f0089ea4000 rwxp 00002000 00:cc 7124487340                 /zhome/49/5/153826/HPC_matrix_multiplication/libmatmult.so
7f0089ea4000-7f008a8ac000 r-xp 00000000 08:05 1841407                    /usr/lib64/atlas/libsatlas.so.3.10
7f008a8ac000-7f008aaac000 ---p 00a08000 08:05 1841407                    /usr/lib64/atlas/libsatlas.so.3.10
7f008aaac000-7f008aab1000 r-xp 00a08000 08:05 1841407                    /usr/lib64/atlas/libsatlas.so.3.10
7f008aab1000-7f008aaba000 rwxp 00a0d000 08:05 1841407                    /usr/lib64/atlas/libsatlas.so.3.10
7f008aaba000-7f008ab2f000 r-xp 00000000 08:03 1876136                    /opt/oracle/developerstudio12.6/lib/analyzer/amd64/runtime/libcollector.so
7f008ab2f000-7f008ad2e000 ---p 00075000 08:03 1876136                    /opt/oracle/developerstudio12.6/lib/analyzer/amd64/runtime/libcollector.so
7f008ad2e000-7f008ae06000 rwxp 00074000 08:03 1876136                    /opt/oracle/developerstudio12.6/lib/analyzer/amd64/runtime/libcollector.so
7f008ae06000-7f008ae24000 rwxp 00000000 00:00 0 
7f008ae24000-7f008ae46000 r-xp 00000000 08:05 1784650                    /usr/lib64/ld-2.17.so
7f008ae93000-7f008af63000 rwxp 00000000 00:00 0 
7f008af63000-7f008af73000 rwxs 00000000 00:cc 7119786836                 /zhome/49/5/153826/HPC_matrix_multiplication/collector.8703460.er/data.frameinfo
7f008af73000-7f008b01a000 rwxp 00000000 00:00 0 
7f008b023000-7f008b026000 rwxp 00000000 00:00 0 
7f008b026000-7f008b028000 rwxs 00000000 00:0a 7618                       anon_inode:[perf_event]
7f008b028000-7f008b02a000 rwxs 00000000 00:0a 7618                       anon_inode:[perf_event]
7f008b02a000-7f008b02c000 rwxs 00000000 00:0a 7618                       anon_inode:[perf_event]
7f008b02c000-7f008b02e000 rwxs 00000000 00:0a 7618                       anon_inode:[perf_event]
7f008b02e000-7f008b045000 rwxp 00000000 00:00 0 
7f008b045000-7f008b046000 r-xp 00021000 08:05 1784650                    /usr/lib64/ld-2.17.so
7f008b046000-7f008b047000 rwxp 00022000 08:05 1784650                    /usr/lib64/ld-2.17.so
7f008b047000-7f008b048000 rwxp 00000000 00:00 0 
7ffc788f6000-7ffc78918000 rwxp 00000000 00:00 0                          [stack]
7ffc78940000-7ffc78942000 r-xp 00000000 00:00 0                          [vdso]
ffffffffff600000-ffffffffff601000 r-xp 00000000 00:00 0                  [vsyscall]
   234.375    954.129 # matmult_blk 16
/zhome/49/5/153826/.lsbatch/1610099283.8703459.shell: line 60: 21613 Aborted                 collect -o $EXPOUT $HWCOUNT ./$EXECUTABLE $PERM $MKN $BS

------------------------------------------------------------
Sender: LSF System <lsfadmin@n-62-21-77>
Subject: Job 8703459: <collector> in cluster <dcc> Exited

Job <collector> was submitted from host <n-62-30-8> by user <s202447> in cluster <dcc> at Fri Jan  8 10:48:03 2021
Job was executed on host(s) <n-62-21-77>, in queue <hpcintro>, as user <s202447> in cluster <dcc> at Fri Jan  8 10:48:04 2021
</zhome/49/5/153826> was used as the home directory.
</zhome/49/5/153826/HPC_matrix_multiplication> was used as the working directory.
Started at Fri Jan  8 10:48:04 2021
Terminated at Fri Jan  8 10:48:10 2021
Results reported at Fri Jan  8 10:48:10 2021

Your job looked like:

------------------------------------------------------------
# LSBATCH: User input
#!/bin/bash
# 02614 - High-Performance Computing, January 2018
# 
# batch script to run collect on a decidated server in the hpcintro
# queue
#
# Author: Bernd Dammann <bd@cc.dtu.dk>
#
#BSUB -J collector
#BSUB -o collector_%J.out
#BSUB -q hpcintro
#BSUB -n 1
#BSUB -R "rusage[mem=2048]"
#BSUB -W 15

module load studio

# define the driver name to use
# valid values: matmult_c.studio, matmult_f.studio, matmult_c.gcc or
# matmult_f.gcc
#
EXECUTABLE=matmult_c.gcc

# define the mkn values in the MKN variable
#
MKN="100 100 100"

# define the permutation type in PERM
#
PERM="blk"

# uncomment and set a reasonable BLKSIZE for the blk version
#
BLKSIZE="8 16"
#BLKSIZE=8

# define the max no. of iterations the driver should use - adjust to
# get a reasonable run time.  You can get an estimate by trying this
# on the command line, i.e. "MFLOPS_MAX_IT=10 ./matmult_...." for the
# problem size you want to analyze.
#
export MFLOPS_MAX_IT=1000
export MATMULT_COMPARE=0

# experiment name 
#
JID=${LSB_JOBID}
EXPOUT="$LSB_JOBNAME.${JID}.er"

# uncomment the HWCOUNT line, if you want to use hardware counters

(... more ...)
------------------------------------------------------------

Exited with exit code 134.

Resource usage summary:

    CPU time :                                   5.03 sec.
    Max Memory :                                 -
    Average Memory :                             -
    Total Requested Memory :                     2048.00 MB
    Delta Memory :                               -
    Max Swap :                                   -
    Max Processes :                              -
    Max Threads :                                -
    Run time :                                   5 sec.
    Turnaround time :                            7 sec.

The output (if any) is above this job summary.

