Loaded module: studio/12u6
Creating experiment database collector.8688661.er (Process ID: 24705) ...
   234.375    358.556 # matmult_blk 2
name collector.8688661.er is in use; changed to collector.8688662.er
Creating experiment database collector.8688662.er (Process ID: 24766) ...
   234.375    541.562 # matmult_blk 4
name collector.8688661.er is in use; changed to collector.8688663.er
Creating experiment database collector.8688663.er (Process ID: 24800) ...
   234.375    637.024 # matmult_blk 8
name collector.8688661.er is in use; changed to collector.8688664.er
Creating experiment database collector.8688664.er (Process ID: 24834) ...
   234.375    617.174 # matmult_blk 16
name collector.8688661.er is in use; changed to collector.8688665.er
Creating experiment database collector.8688665.er (Process ID: 24868) ...
   234.375    577.202 # matmult_blk 32

------------------------------------------------------------
Sender: LSF System <lsfadmin@n-62-21-75>
Subject: Job 8688661: <collector> in cluster <dcc> Done

Job <collector> was submitted from host <n-62-27-18> by user <s202447> in cluster <dcc> at Thu Jan  7 18:01:05 2021
Job was executed on host(s) <n-62-21-75>, in queue <hpcintro>, as user <s202447> in cluster <dcc> at Thu Jan  7 18:02:39 2021
</zhome/49/5/153826> was used as the home directory.
</zhome/49/5/153826/HPC_matrix_multiplication> was used as the working directory.
Started at Thu Jan  7 18:02:39 2021
Terminated at Thu Jan  7 18:03:12 2021
Results reported at Thu Jan  7 18:03:12 2021

Your job looked like:

------------------------------------------------------------
# LSBATCH: User input
#!/bin/bash
# 02614 - High-Performance Computing, January 2018
# 
# batch script to run collect on a decidated server in the hpcintro
# queue
#
# Author: Bernd Dammann <bd@cc.dtu.dk>
#
#BSUB -J collector
#BSUB -o collector_%J.out
#BSUB -q hpcintro
#BSUB -n 1
#BSUB -R "rusage[mem=2048]"
#BSUB -W 15

module load studio

# define the driver name to use
# valid values: matmult_c.studio, matmult_f.studio, matmult_c.gcc or
# matmult_f.gcc
#
EXECUTABLE=matmult_c.gcc

# define the mkn values in the MKN variable
#
MKN="100 100 100"

# define the permutation type in PERM
#
PERM="blk"

# uncomment and set a reasonable BLKSIZE for the blk version
#
BLKSIZE="2 4 8 16 32"
#BLKSIZE=8

# define the max no. of iterations the driver should use - adjust to
# get a reasonable run time.  You can get an estimate by trying this
# on the command line, i.e. "MFLOPS_MAX_IT=10 ./matmult_...." for the
# problem size you want to analyze.
#
export MFLOPS_MAX_IT=1000
export MATMULT_COMPARE=0

# experiment name 
#
JID=${LSB_JOBID}
EXPOUT="$LSB_JOBNAME.${JID}.er"

# uncomment the HWCOUNT line, if you want to use hardware counters

(... more ...)
------------------------------------------------------------

Successfully completed.

Resource usage summary:

    CPU time :                                   20.00 sec.
    Max Memory :                                 27 MB
    Average Memory :                             9.00 MB
    Total Requested Memory :                     2048.00 MB
    Delta Memory :                               2021.00 MB
    Max Swap :                                   -
    Max Processes :                              4
    Max Threads :                                5
    Run time :                                   33 sec.
    Turnaround time :                            127 sec.

The output (if any) is above this job summary.

