Loaded module: studio/12u6
Creating experiment database collector.8703577.er (Process ID: 25199) ...
*** Error in `./matmult_c.gcc': double free or corruption (out): 0x0000000000770310 ***
======= Backtrace: =========
/lib64/libc.so.6(+0x81299)[0x7fa3309a0299]
./matmult_c.gcc(matrixfree+0xf)[0x401d9f]
./matmult_c.gcc(main+0x448)[0x401488]
/lib64/libc.so.6(__libc_start_main+0xf5)[0x7fa330941555]
./matmult_c.gcc[0x40180d]
======= Memory map: ========
00400000-00404000 r-xp 00000000 00:cc 7121741655                         /zhome/49/5/153826/HPC_matrix_multiplication/matmult_c.gcc
00603000-00604000 r-xp 00003000 00:cc 7121741655                         /zhome/49/5/153826/HPC_matrix_multiplication/matmult_c.gcc
00604000-00605000 rwxp 00004000 00:cc 7121741655                         /zhome/49/5/153826/HPC_matrix_multiplication/matmult_c.gcc
00741000-00790000 rwxp 00000000 00:00 0                                  [heap]
7fa324000000-7fa324021000 rwxp 00000000 00:00 0 
7fa324021000-7fa328000000 ---p 00000000 00:00 0 
7fa32bf85000-7fa32c0f5000 rwxp 00000000 00:00 0 
7fa32c0f5000-7fa32c105000 rwxs 00000000 00:cc 7124748625                 /zhome/49/5/153826/HPC_matrix_multiplication/collector.8703577.er/profile
7fa32c105000-7fa32c275000 rwxp 00000000 00:00 0 
7fa32c275000-7fa32c285000 rwxs 00000000 00:cc 7118117013                 /zhome/49/5/153826/HPC_matrix_multiplication/collector.8703577.er/hwcounters
7fa32c285000-7fa32f285000 rwxp 00000000 00:00 0 
7fa32f285000-7fa32f295000 rwxs 00000000 00:cc 7114967949                 /zhome/49/5/153826/HPC_matrix_multiplication/collector.8703577.er/map.xml
7fa32f295000-7fa32f685000 rwxp 00000000 00:00 0 
7fa32f685000-7fa32f695000 rwxs 00000000 00:cc 7124813643                 /zhome/49/5/153826/HPC_matrix_multiplication/collector.8703577.er/log.xml
7fa32f695000-7fa32fa85000 rwxp 00000000 00:00 0 
7fa32fa85000-7fa32fa9a000 r-xp 00000000 08:05 32724                      /usr/lib64/libgcc_s-4.8.5-20150702.so.1
7fa32fa9a000-7fa32fc99000 ---p 00015000 08:05 32724                      /usr/lib64/libgcc_s-4.8.5-20150702.so.1
7fa32fc99000-7fa32fc9a000 r-xp 00014000 08:05 32724                      /usr/lib64/libgcc_s-4.8.5-20150702.so.1
7fa32fc9a000-7fa32fc9b000 rwxp 00015000 08:05 32724                      /usr/lib64/libgcc_s-4.8.5-20150702.so.1
7fa32fc9b000-7fa32fcd6000 r-xp 00000000 08:05 35669                      /usr/lib64/libquadmath.so.0.0.0
7fa32fcd6000-7fa32fed5000 ---p 0003b000 08:05 35669                      /usr/lib64/libquadmath.so.0.0.0
7fa32fed5000-7fa32fed6000 r-xp 0003a000 08:05 35669                      /usr/lib64/libquadmath.so.0.0.0
7fa32fed6000-7fa32fed7000 rwxp 0003b000 08:05 35669                      /usr/lib64/libquadmath.so.0.0.0
7fa32fed7000-7fa32ffd8000 r-xp 00000000 08:05 36942                      /usr/lib64/libm-2.17.so
7fa32ffd8000-7fa3301d7000 ---p 00101000 08:05 36942                      /usr/lib64/libm-2.17.so
7fa3301d7000-7fa3301d8000 r-xp 00100000 08:05 36942                      /usr/lib64/libm-2.17.so
7fa3301d8000-7fa3301d9000 rwxp 00101000 08:05 36942                      /usr/lib64/libm-2.17.so
7fa3301d9000-7fa3302f8000 r-xp 00000000 08:05 35787                      /usr/lib64/libgfortran.so.3.0.0
7fa3302f8000-7fa3304f8000 ---p 0011f000 08:05 35787                      /usr/lib64/libgfortran.so.3.0.0
7fa3304f8000-7fa3304f9000 r-xp 0011f000 08:05 35787                      /usr/lib64/libgfortran.so.3.0.0
7fa3304f9000-7fa3304fb000 rwxp 00120000 08:05 35787                      /usr/lib64/libgfortran.so.3.0.0
7fa3304fb000-7fa330502000 r-xp 00000000 08:05 36954                      /usr/lib64/librt-2.17.so
7fa330502000-7fa330701000 ---p 00007000 08:05 36954                      /usr/lib64/librt-2.17.so
7fa330701000-7fa330702000 r-xp 00006000 08:05 36954                      /usr/lib64/librt-2.17.so
7fa330702000-7fa330703000 rwxp 00007000 08:05 36954                      /usr/lib64/librt-2.17.so
7fa330703000-7fa33071a000 r-xp 00000000 08:05 32747                      /usr/lib64/libpthread-2.17.so
7fa33071a000-7fa330919000 ---p 00017000 08:05 32747                      /usr/lib64/libpthread-2.17.so
7fa330919000-7fa33091a000 r-xp 00016000 08:05 32747                      /usr/lib64/libpthread-2.17.so
7fa33091a000-7fa33091b000 rwxp 00017000 08:05 32747                      /usr/lib64/libpthread-2.17.so
7fa33091b000-7fa33091f000 rwxp 00000000 00:00 0 
7fa33091f000-7fa330ae3000 r-xp 00000000 08:05 32721                      /usr/lib64/libc-2.17.so
7fa330ae3000-7fa330ce2000 ---p 001c4000 08:05 32721                      /usr/lib64/libc-2.17.so
7fa330ce2000-7fa330ce6000 r-xp 001c3000 08:05 32721                      /usr/lib64/libc-2.17.so
7fa330ce6000-7fa330ce8000 rwxp 001c7000 08:05 32721                      /usr/lib64/libc-2.17.so
7fa330ce8000-7fa330ced000 rwxp 00000000 00:00 0 
7fa330ced000-7fa330cef000 r-xp 00000000 08:05 36845                      /usr/lib64/libdl-2.17.so
7fa330cef000-7fa330eef000 ---p 00002000 08:05 36845                      /usr/lib64/libdl-2.17.so
7fa330eef000-7fa330ef0000 r-xp 00002000 08:05 36845                      /usr/lib64/libdl-2.17.so
7fa330ef0000-7fa330ef1000 rwxp 00003000 08:05 36845                      /usr/lib64/libdl-2.17.so
7fa330ef1000-7fa330ef3000 r-xp 00000000 00:cc 7124487340                 /zhome/49/5/153826/HPC_matrix_multiplication/libmatmult.so
7fa330ef3000-7fa3310f2000 ---p 00002000 00:cc 7124487340                 /zhome/49/5/153826/HPC_matrix_multiplication/libmatmult.so
7fa3310f2000-7fa3310f3000 r-xp 00001000 00:cc 7124487340                 /zhome/49/5/153826/HPC_matrix_multiplication/libmatmult.so
7fa3310f3000-7fa3310f4000 rwxp 00002000 00:cc 7124487340                 /zhome/49/5/153826/HPC_matrix_multiplication/libmatmult.so
7fa3310f4000-7fa331afc000 r-xp 00000000 08:05 99755                      /usr/lib64/atlas/libsatlas.so.3.10
7fa331afc000-7fa331cfc000 ---p 00a08000 08:05 99755                      /usr/lib64/atlas/libsatlas.so.3.10
7fa331cfc000-7fa331d01000 r-xp 00a08000 08:05 99755                      /usr/lib64/atlas/libsatlas.so.3.10
7fa331d01000-7fa331d0a000 rwxp 00a0d000 08:05 99755                      /usr/lib64/atlas/libsatlas.so.3.10
7fa331d0a000-7fa331d7f000 r-xp 00000000 08:03 173                        /opt/oracle/developerstudio12.6/lib/analyzer/amd64/runtime/libcollector.so
7fa331d7f000-7fa331f7e000 ---p 00075000 08:03 173                        /opt/oracle/developerstudio12.6/lib/analyzer/amd64/runtime/libcollector.so
7fa331f7e000-7fa332056000 rwxp 00074000 08:03 173                        /opt/oracle/developerstudio12.6/lib/analyzer/amd64/runtime/libcollector.so
7fa332056000-7fa332074000 rwxp 00000000 00:00 0 
7fa332074000-7fa332096000 r-xp 00000000 08:05 34528                      /usr/lib64/ld-2.17.so
7fa3320e3000-7fa332253000 rwxp 00000000 00:00 0 
7fa332253000-7fa332263000 rwxs 00000000 00:cc 7114967950                 /zhome/49/5/153826/HPC_matrix_multiplication/collector.8703577.er/data.frameinfo
7fa332263000-7fa33226a000 rwxp 00000000 00:00 0 
7fa332273000-7fa332276000 rwxp 00000000 00:00 0 
7fa332276000-7fa332278000 rwxs 00000000 00:0a 7618                       anon_inode:[perf_event]
7fa332278000-7fa33227a000 rwxs 00000000 00:0a 7618                       anon_inode:[perf_event]
7fa33227a000-7fa33227c000 rwxs 00000000 00:0a 7618                       anon_inode:[perf_event]
7fa33227c000-7fa33227e000 rwxs 00000000 00:0a 7618                       anon_inode:[perf_event]
7fa33227e000-7fa332295000 rwxp 00000000 00:00 0 
7fa332295000-7fa332296000 r-xp 00021000 08:05 34528                      /usr/lib64/ld-2.17.so
7fa332296000-7fa332297000 rwxp 00022000 08:05 34528                      /usr/lib64/ld-2.17.so
7fa332297000-7fa332298000 rwxp 00000000 00:00 0 
7fff70913000-7fff70935000 rwxp 00000000 00:00 0                          [stack]
7fff7097c000-7fff7097e000 r-xp 00000000 00:00 0                          [vdso]
ffffffffff600000-ffffffffff601000 r-xp 00000000 00:00 0                  [vsyscall]
   234.375    763.878 # matmult_blk 8
/zhome/49/5/153826/.lsbatch/1610099769.8703577.shell: line 62: 25199 Aborted                 collect -o $EXPOUT $HWCOUNT ./$EXECUTABLE $PERM $MKN $BLKSIZE

------------------------------------------------------------
Sender: LSF System <lsfadmin@n-62-21-75>
Subject: Job 8703577: <collector> in cluster <dcc> Exited

Job <collector> was submitted from host <n-62-30-8> by user <s202447> in cluster <dcc> at Fri Jan  8 10:56:09 2021
Job was executed on host(s) <n-62-21-75>, in queue <hpcintro>, as user <s202447> in cluster <dcc> at Fri Jan  8 10:56:11 2021
</zhome/49/5/153826> was used as the home directory.
</zhome/49/5/153826/HPC_matrix_multiplication> was used as the working directory.
Started at Fri Jan  8 10:56:11 2021
Terminated at Fri Jan  8 10:56:14 2021
Results reported at Fri Jan  8 10:56:14 2021

Your job looked like:

------------------------------------------------------------
# LSBATCH: User input
#!/bin/bash
# 02614 - High-Performance Computing, January 2018
# 
# batch script to run collect on a decidated server in the hpcintro
# queue
#
# Author: Bernd Dammann <bd@cc.dtu.dk>
#
#BSUB -J collector
#BSUB -o collector_%J.out
#BSUB -q hpcintro
#BSUB -n 1
#BSUB -R "rusage[mem=2048]"
#BSUB -W 15

module load studio

# define the driver name to use
# valid values: matmult_c.studio, matmult_f.studio, matmult_c.gcc or
# matmult_f.gcc
#
EXECUTABLE=matmult_c.gcc

# define the mkn values in the MKN variable
#
MKN="100 100 100"

# define the permutation type in PERM
#
PERM="blk"

# uncomment and set a reasonable BLKSIZE for the blk version
#
#BLKSIZE="8 16"
BLKSIZE=8

# define the max no. of iterations the driver should use - adjust to
# get a reasonable run time.  You can get an estimate by trying this
# on the command line, i.e. "MFLOPS_MAX_IT=10 ./matmult_...." for the
# problem size you want to analyze.
#
export MFLOPS_MAX_IT=1000
export MATMULT_COMPARE=0

# experiment name 
#
JID=${LSB_JOBID}
EXPOUT="$LSB_JOBNAME.${JID}.er"

# uncomment the HWCOUNT line, if you want to use hardware counters

(... more ...)
------------------------------------------------------------

Exited with exit code 134.

Resource usage summary:

    CPU time :                                   2.90 sec.
    Max Memory :                                 -
    Average Memory :                             -
    Total Requested Memory :                     2048.00 MB
    Delta Memory :                               -
    Max Swap :                                   -
    Max Processes :                              -
    Max Threads :                                -
    Run time :                                   2 sec.
    Turnaround time :                            5 sec.

The output (if any) is above this job summary.

