Loaded module: studio/12u6
Creating experiment database collector.8644496.er (Process ID: 13164) ...
   234.375    455.268 # matmult_mnk
   234.375    310.606 # matmult_mkn
   234.375    310.563 # matmult_kmn
   234.375    298.192 # matmult_knm
   234.375    296.654 # matmult_nkm
   234.375    456.189 # matmult_nmk

------------------------------------------------------------
Sender: LSF System <lsfadmin@n-62-21-78>
Subject: Job 8644496: <collector> in cluster <dcc> Done

Job <collector> was submitted from host <n-62-27-18> by user <s202447> in cluster <dcc> at Thu Jan  7 09:50:26 2021
Job was executed on host(s) <n-62-21-78>, in queue <hpcintro>, as user <s202447> in cluster <dcc> at Thu Jan  7 09:50:28 2021
</zhome/49/5/153826> was used as the home directory.
</zhome/49/5/153826/HPC_matrix_multiplication> was used as the working directory.
Started at Thu Jan  7 09:50:28 2021
Terminated at Thu Jan  7 09:51:16 2021
Results reported at Thu Jan  7 09:51:16 2021

Your job looked like:

------------------------------------------------------------
# LSBATCH: User input
#!/bin/bash
# 02614 - High-Performance Computing, January 2018
# 
# batch script to run collect on a decidated server in the hpcintro
# queue
#
# Author: Bernd Dammann <bd@cc.dtu.dk>
#
#BSUB -J collector
#BSUB -o collector_%J.out
#BSUB -q hpcintro
#BSUB -n 1
#BSUB -R "rusage[mem=2048]"
#BSUB -W 15

module load studio

# define the driver name to use
# valid values: matmult_c.studio, matmult_f.studio, matmult_c.gcc or
# matmult_f.gcc
#
EXECUTABLE=matmult_c.gcc

# define the mkn values in the MKN variable
#
MKN="100 100 100"

# define the permutation type in PERM
#
PERM="per"

# uncomment and set a reasonable BLKSIZE for the blk version
#
# BLKSIZE=1

# define the max no. of iterations the driver should use - adjust to
# get a reasonable run time.  You can get an estimate by trying this
# on the command line, i.e. "MFLOPS_MAX_IT=10 ./matmult_...." for the
# problem size you want to analyze.
#
export MFLOPS_MAX_IT=1000
export MATMULT_COMPARE=0

# experiment name 
#
JID=${LSB_JOBID}
EXPOUT="$LSB_JOBNAME.${JID}.er"

# uncomment the HWCOUNT line, if you want to use hardware counters
# define an option string for the harwdware counters (see output of

(... more ...)
------------------------------------------------------------

Successfully completed.

Resource usage summary:

    CPU time :                                   35.47 sec.
    Max Memory :                                 24 MB
    Average Memory :                             8.00 MB
    Total Requested Memory :                     2048.00 MB
    Delta Memory :                               2024.00 MB
    Max Swap :                                   -
    Max Processes :                              4
    Max Threads :                                5
    Run time :                                   48 sec.
    Turnaround time :                            50 sec.

The output (if any) is above this job summary.

